<?xml version="1.0" encoding="UTF-8"?>
<!-- Generated by org.testng.reporters.JUnitReportReporter -->
<testsuite skipped="0" hostname="BHAGYESH-VAIO" name="org.ActiTime.AT_createCustomer" tests="1" failures="0" timestamp="2022-02-28T15:12:03 IST" time="13.540" errors="0">
  <testcase name="DashboardVerify" time="13.540" classname="org.ActiTime.AT_createCustomer"/>
  <system-out/>
</testsuite> <!-- org.ActiTime.AT_createCustomer -->
