<?xml version="1.0" encoding="UTF-8"?>
<!-- Generated by org.testng.reporters.JUnitReportReporter -->
<testsuite skipped="0" hostname="BHAGYESH-VAIO" name="org.OrangeHRM.OR_Login" tests="1" failures="0" timestamp="2022-02-28T16:17:37 IST" time="2.314" errors="0">
  <testcase name="login" time="2.314" classname="org.OrangeHRM.OR_Login"/>
  <system-out/>
</testsuite> <!-- org.OrangeHRM.OR_Login -->
