<?xml version="1.0" encoding="UTF-8"?>
<!-- Generated by org.testng.reporters.JUnitReportReporter -->
<testsuite skipped="0" hostname="BHAGYESH-VAIO" name="org.ParellelNG.OpenBrowserEx2" tests="2" failures="0" timestamp="2022-02-28T19:42:18 IST" time="28.099" errors="0">
  <testcase name="Facebook1" time="14.375" classname="org.ParellelNG.OpenBrowserEx2"/>
  <system-out/>
  <testcase name="Google1" time="13.724" classname="org.ParellelNG.OpenBrowserEx2"/>
  <system-out/>
</testsuite> <!-- org.ParellelNG.OpenBrowserEx2 -->
