<?xml version="1.0" encoding="UTF-8"?>
<!-- Generated by org.testng.reporters.JUnitReportReporter -->
<testsuite skipped="0" hostname="BHAGYESH-VAIO" name="org.ActiTime.AT_DeleteCustEx" tests="2" failures="0" timestamp="2022-02-28T17:55:26 IST" time="7.391" errors="0">
  <testcase name="login" time="0.278" classname="org.ActiTime.AT_DeleteCustEx"/>
  <system-out/>
  <testcase name="DeleteCust" time="7.113" classname="org.ActiTime.AT_DeleteCustEx"/>
  <system-out/>
</testsuite> <!-- org.ActiTime.AT_DeleteCustEx -->
