<?xml version="1.0" encoding="UTF-8"?>
<!-- Generated by org.testng.reporters.JUnitReportReporter -->
<testsuite skipped="0" hostname="BHAGYESH-VAIO" name="org.ActiTime.AT_createCustomerEx2" tests="6" failures="0" timestamp="2022-02-28T14:54:31 IST" time="8.306" errors="0">
  <testcase name="login" time="0.272" classname="org.ActiTime.AT_createCustomerEx2"/>
  <system-out/>
  <testcase name="DashboardVerify" time="0.530" classname="org.ActiTime.AT_createCustomerEx2"/>
  <system-out/>
  <testcase name="DashboardVerify" time="0.532" classname="org.ActiTime.AT_createCustomerEx2"/>
  <system-out/>
  <testcase name="DashboardVerify" time="0.405" classname="org.ActiTime.AT_createCustomerEx2"/>
  <system-out/>
  <testcase name="DashboardVerify" time="0.393" classname="org.ActiTime.AT_createCustomerEx2"/>
  <system-out/>
  <testcase name="DashboardVerify" time="6.174" classname="org.ActiTime.AT_createCustomerEx2"/>
  <system-out/>
</testsuite> <!-- org.ActiTime.AT_createCustomerEx2 -->
