<?xml version="1.0" encoding="UTF-8"?>
<!-- Generated by org.testng.reporters.JUnitReportReporter -->
<testsuite skipped="0" hostname="BHAGYESH-VAIO" name="org.ParellelNG.OpenBrowserEx1" tests="2" failures="0" timestamp="2022-02-28T19:42:18 IST" time="28.050" errors="0">
  <testcase name="Facebook" time="14.794" classname="org.ParellelNG.OpenBrowserEx1"/>
  <system-out/>
  <testcase name="Google" time="13.256" classname="org.ParellelNG.OpenBrowserEx1"/>
  <system-out/>
</testsuite> <!-- org.ParellelNG.OpenBrowserEx1 -->
