<?xml version="1.0" encoding="UTF-8"?>
<!-- Generated by org.testng.reporters.JUnitReportReporter -->
<testsuite skipped="0" hostname="BHAGYESH-VAIO" name="org.OpenKart.Login" tests="2" failures="0" timestamp="2022-02-28T19:34:37 IST" time="11.486" errors="0">
  <testcase name="login" time="3.981" classname="org.OpenKart.Login"/>
  <system-out/>
  <testcase name="CreateCust" time="7.505" classname="org.OpenKart.Login"/>
  <system-out/>
</testsuite> <!-- org.OpenKart.Login -->
