<?xml version="1.0" encoding="UTF-8"?>
<!-- Generated by org.testng.reporters.JUnitReportReporter -->
<testsuite skipped="0" hostname="BHAGYESH-VAIO" name="org.form.Google" tests="1" failures="0" timestamp="2022-02-28T20:07:20 IST" time="12.078" errors="0">
  <testcase name="login" time="12.078" classname="org.form.Google"/>
  <system-out/>
</testsuite> <!-- org.form.Google -->
